This file contains any messages produced by compilers while
running configure, to aid debugging if configure makes a mistake.

It was created by MASA-CUDAlign configure 4.0.2.1028, which was
generated by GNU Autoconf 2.69.  Invocation command line was

  $ ./configure --with-cuda=/usr/lib/cuda --with-nvcc=/usr/bin

## --------- ##
## Platform. ##
## --------- ##

hostname = cuda08
uname -m = x86_64
uname -r = 5.15.0-58-generic
uname -s = Linux
uname -v = #64~20.04.1-Ubuntu SMP Fri Jan 6 16:42:31 UTC 2023

/usr/bin/uname -p = x86_64
/bin/uname -X     = unknown

/bin/arch              = x86_64
/usr/bin/arch -k       = unknown
/usr/convex/getsysinfo = unknown
/usr/bin/hostinfo      = unknown
/bin/machine           = unknown
/usr/bin/oslevel       = unknown
/bin/universe          = unknown

PATH: /usr/local/sbin
PATH: /usr/local/bin
PATH: /usr/sbin
PATH: /usr/bin
PATH: /sbin
PATH: /bin
PATH: /usr/games
PATH: /usr/local/games
PATH: /snap/bin


## ----------- ##
## Core tests. ##
## ----------- ##

configure:2344: checking for a BSD-compatible install
configure:2412: result: /usr/bin/install -c
configure:2423: checking whether build environment is sane
configure:2478: result: yes
configure:2627: checking for a thread-safe mkdir -p
configure:2666: result: /usr/bin/mkdir -p
configure:2673: checking for gawk
configure:2703: result: no
configure:2673: checking for mawk
configure:2689: found /usr/bin/mawk
configure:2700: result: mawk
configure:2711: checking whether make sets $(MAKE)
configure:2733: result: yes
configure:2762: checking whether make supports nested variables
configure:2779: result: yes
configure:2958: checking for ranlib
configure:2974: found /usr/bin/ranlib
configure:2985: result: ranlib
configure:3072: checking for g++
configure:3088: found /usr/bin/g++
configure:3099: result: g++
configure:3126: checking for C++ compiler version
configure:3135: g++ --version >&5
g++ (Ubuntu 9.4.0-1ubuntu1~20.04.1) 9.4.0
Copyright (C) 2019 Free Software Foundation, Inc.
This is free software; see the source for copying conditions.  There is NO
warranty; not even for MERCHANTABILITY or FITNESS FOR A PARTICULAR PURPOSE.

configure:3146: $? = 0
configure:3135: g++ -v >&5
Using built-in specs.
COLLECT_GCC=g++
COLLECT_LTO_WRAPPER=/usr/lib/gcc/x86_64-linux-gnu/9/lto-wrapper
OFFLOAD_TARGET_NAMES=nvptx-none:hsa
OFFLOAD_TARGET_DEFAULT=1
Target: x86_64-linux-gnu
Configured with: ../src/configure -v --with-pkgversion='Ubuntu 9.4.0-1ubuntu1~20.04.1' --with-bugurl=file:///usr/share/doc/gcc-9/README.Bugs --enable-languages=c,ada,c++,go,brig,d,fortran,objc,obj-c++,gm2 --prefix=/usr --with-gcc-major-version-only --program-suffix=-9 --program-prefix=x86_64-linux-gnu- --enable-shared --enable-linker-build-id --libexecdir=/usr/lib --without-included-gettext --enable-threads=posix --libdir=/usr/lib --enable-nls --enable-clocale=gnu --enable-libstdcxx-debug --enable-libstdcxx-time=yes --with-default-libstdcxx-abi=new --enable-gnu-unique-object --disable-vtable-verify --enable-plugin --enable-default-pie --with-system-zlib --with-target-system-zlib=auto --enable-objc-gc=auto --enable-multiarch --disable-werror --with-arch-32=i686 --with-abi=m64 --with-multilib-list=m32,m64,mx32 --enable-multilib --with-tune=generic --enable-offload-targets=nvptx-none=/build/gcc-9-Av3uEd/gcc-9-9.4.0/debian/tmp-nvptx/usr,hsa --without-cuda-driver --enable-checking=release --build=x86_64-linux-gnu --host=x86_64-linux-gnu --target=x86_64-linux-gnu
Thread model: posix
gcc version 9.4.0 (Ubuntu 9.4.0-1ubuntu1~20.04.1) 
configure:3146: $? = 0
configure:3135: g++ -V >&5
g++: error: unrecognized command line option '-V'
g++: fatal error: no input files
compilation terminated.
configure:3146: $? = 1
configure:3135: g++ -qversion >&5
g++: error: unrecognized command line option '-qversion'; did you mean '--version'?
g++: fatal error: no input files
compilation terminated.
configure:3146: $? = 1
configure:3166: checking whether the C++ compiler works
configure:3188: g++    conftest.cpp  >&5
configure:3192: $? = 0
configure:3240: result: yes
configure:3243: checking for C++ compiler default output file name
configure:3245: result: a.out
configure:3251: checking for suffix of executables
configure:3258: g++ -o conftest    conftest.cpp  >&5
configure:3262: $? = 0
configure:3284: result: 
configure:3306: checking whether we are cross compiling
configure:3314: g++ -o conftest    conftest.cpp  >&5
configure:3318: $? = 0
configure:3325: ./conftest
configure:3329: $? = 0
configure:3317: result: no
configure:3322: checking for suffix of object files
configure:3344: g++ -c   conftest.cpp >&5
configure:3348: $? = 0
configure:3369: result: o
configure:3373: checking whether we are using the GNU C++ compiler
configure:3392: g++ -c   conftest.cpp >&5
configure:3392: $? = 0
configure:3401: result: yes
configure:3410: checking whether g++ accepts -g
configure:3430: g++ -c -g  conftest.cpp >&5
configure:3430: $? = 0
configure:3471: result: yes
configure:3497: checking whether make supports the include directive
configure:3512: make -f confmf.GNU && cat confinc.out
this is the am__doit target
configure:3515: $? = 0
configure:3534: result: yes (GNU style)
configure:3559: checking dependency style of g++
configure:3670: result: gcc3
configure:3733: checking for gcc
configure:3749: found /usr/bin/gcc
configure:3760: result: gcc
configure:3989: checking for C compiler version
configure:3998: gcc --version >&5
gcc (Ubuntu 9.4.0-1ubuntu1~20.04.1) 9.4.0
Copyright (C) 2019 Free Software Foundation, Inc.
This is free software; see the source for copying conditions.  There is NO
warranty; not even for MERCHANTABILITY or FITNESS FOR A PARTICULAR PURPOSE.

configure:4009: $? = 0
configure:3998: gcc -v >&5
Using built-in specs.
COLLECT_GCC=gcc
COLLECT_LTO_WRAPPER=/usr/lib/gcc/x86_64-linux-gnu/9/lto-wrapper
OFFLOAD_TARGET_NAMES=nvptx-none:hsa
OFFLOAD_TARGET_DEFAULT=1
Target: x86_64-linux-gnu
Configured with: ../src/configure -v --with-pkgversion='Ubuntu 9.4.0-1ubuntu1~20.04.1' --with-bugurl=file:///usr/share/doc/gcc-9/README.Bugs --enable-languages=c,ada,c++,go,brig,d,fortran,objc,obj-c++,gm2 --prefix=/usr --with-gcc-major-version-only --program-suffix=-9 --program-prefix=x86_64-linux-gnu- --enable-shared --enable-linker-build-id --libexecdir=/usr/lib --without-included-gettext --enable-threads=posix --libdir=/usr/lib --enable-nls --enable-clocale=gnu --enable-libstdcxx-debug --enable-libstdcxx-time=yes --with-default-libstdcxx-abi=new --enable-gnu-unique-object --disable-vtable-verify --enable-plugin --enable-default-pie --with-system-zlib --with-target-system-zlib=auto --enable-objc-gc=auto --enable-multiarch --disable-werror --with-arch-32=i686 --with-abi=m64 --with-multilib-list=m32,m64,mx32 --enable-multilib --with-tune=generic --enable-offload-targets=nvptx-none=/build/gcc-9-Av3uEd/gcc-9-9.4.0/debian/tmp-nvptx/usr,hsa --without-cuda-driver --enable-checking=release --build=x86_64-linux-gnu --host=x86_64-linux-gnu --target=x86_64-linux-gnu
Thread model: posix
gcc version 9.4.0 (Ubuntu 9.4.0-1ubuntu1~20.04.1) 
configure:4009: $? = 0
configure:3998: gcc -V >&5
gcc: error: unrecognized command line option '-V'
gcc: fatal error: no input files
compilation terminated.
configure:4009: $? = 1
configure:3998: gcc -qversion >&5
gcc: error: unrecognized command line option '-qversion'; did you mean '--version'?
gcc: fatal error: no input files
compilation terminated.
configure:4009: $? = 1
configure:4013: checking whether we are using the GNU C compiler
configure:4032: gcc -c   conftest.c >&5
configure:4032: $? = 0
configure:4041: result: yes
configure:4050: checking whether gcc accepts -g
configure:4070: gcc -c -g  conftest.c >&5
configure:4070: $? = 0
configure:4111: result: yes
configure:4128: checking for gcc option to accept ISO C89
configure:4191: gcc  -c -g -O2  conftest.c >&5
configure:4191: $? = 0
configure:4204: result: none needed
configure:4229: checking whether gcc understands -c and -o together
configure:4251: gcc -c conftest.c -o conftest2.o
configure:4254: $? = 0
configure:4251: gcc -c conftest.c -o conftest2.o
configure:4254: $? = 0
configure:4266: result: yes
configure:4285: checking dependency style of gcc
configure:4396: result: gcc3
configure:4416: checking how to run the C preprocessor
configure:4447: gcc -E  conftest.c
configure:4447: $? = 0
configure:4461: gcc -E  conftest.c
conftest.c:11:10: fatal error: ac_nonexistent.h: No such file or directory
   11 | #include <ac_nonexistent.h>
      |          ^~~~~~~~~~~~~~~~~~
compilation terminated.
configure:4461: $? = 1
configure: failed program was:
| /* confdefs.h */
| #define PACKAGE_NAME "MASA-CUDAlign"
| #define PACKAGE_TARNAME "masa-cudalign"
| #define PACKAGE_VERSION "4.0.2.1028"
| #define PACKAGE_STRING "MASA-CUDAlign 4.0.2.1028"
| #define PACKAGE_BUGREPORT "edans.sandes@gmail.com"
| #define PACKAGE_URL "https://github.com/edanssandes/masa-cudalign"
| #define PACKAGE "masa-cudalign"
| #define VERSION "4.0.2.1028"
| /* end confdefs.h.  */
| #include <ac_nonexistent.h>
configure:4486: result: gcc -E
configure:4506: gcc -E  conftest.c
configure:4506: $? = 0
configure:4520: gcc -E  conftest.c
conftest.c:11:10: fatal error: ac_nonexistent.h: No such file or directory
   11 | #include <ac_nonexistent.h>
      |          ^~~~~~~~~~~~~~~~~~
compilation terminated.
configure:4520: $? = 1
configure: failed program was:
| /* confdefs.h */
| #define PACKAGE_NAME "MASA-CUDAlign"
| #define PACKAGE_TARNAME "masa-cudalign"
| #define PACKAGE_VERSION "4.0.2.1028"
| #define PACKAGE_STRING "MASA-CUDAlign 4.0.2.1028"
| #define PACKAGE_BUGREPORT "edans.sandes@gmail.com"
| #define PACKAGE_URL "https://github.com/edanssandes/masa-cudalign"
| #define PACKAGE "masa-cudalign"
| #define VERSION "4.0.2.1028"
| /* end confdefs.h.  */
| #include <ac_nonexistent.h>
configure:4548: checking whether make sets $(MAKE)
configure:4570: result: yes
configure:4586: checking for grep that handles long lines and -e
configure:4644: result: /usr/bin/grep
configure:4649: checking for egrep
configure:4711: result: /usr/bin/grep -E
configure:4716: checking for ANSI C header files
configure:4736: gcc -c -g -O2  conftest.c >&5
configure:4736: $? = 0
configure:4809: gcc -o conftest -g -O2   conftest.c  >&5
configure:4809: $? = 0
configure:4809: ./conftest
configure:4809: $? = 0
configure:4820: result: yes
configure:4833: checking for sys/types.h
configure:4833: gcc -c -g -O2  conftest.c >&5
configure:4833: $? = 0
configure:4833: result: yes
configure:4833: checking for sys/stat.h
configure:4833: gcc -c -g -O2  conftest.c >&5
configure:4833: $? = 0
configure:4833: result: yes
configure:4833: checking for stdlib.h
configure:4833: gcc -c -g -O2  conftest.c >&5
configure:4833: $? = 0
configure:4833: result: yes
configure:4833: checking for string.h
configure:4833: gcc -c -g -O2  conftest.c >&5
configure:4833: $? = 0
configure:4833: result: yes
configure:4833: checking for memory.h
configure:4833: gcc -c -g -O2  conftest.c >&5
configure:4833: $? = 0
configure:4833: result: yes
configure:4833: checking for strings.h
configure:4833: gcc -c -g -O2  conftest.c >&5
configure:4833: $? = 0
configure:4833: result: yes
configure:4833: checking for inttypes.h
configure:4833: gcc -c -g -O2  conftest.c >&5
configure:4833: $? = 0
configure:4833: result: yes
configure:4833: checking for stdint.h
configure:4833: gcc -c -g -O2  conftest.c >&5
configure:4833: $? = 0
configure:4833: result: yes
configure:4833: checking for unistd.h
configure:4833: gcc -c -g -O2  conftest.c >&5
configure:4833: $? = 0
configure:4833: result: yes
configure:4848: checking arpa/inet.h usability
configure:4848: gcc -c -g -O2  conftest.c >&5
configure:4848: $? = 0
configure:4848: result: yes
configure:4848: checking arpa/inet.h presence
configure:4848: gcc -E  conftest.c
configure:4848: $? = 0
configure:4848: result: yes
configure:4848: checking for arpa/inet.h
configure:4848: result: yes
configure:4848: checking for stdlib.h
configure:4848: result: yes
configure:4848: checking for string.h
configure:4848: result: yes
configure:4848: checking sys/socket.h usability
configure:4848: gcc -c -g -O2  conftest.c >&5
configure:4848: $? = 0
configure:4848: result: yes
configure:4848: checking sys/socket.h presence
configure:4848: gcc -E  conftest.c
configure:4848: $? = 0
configure:4848: result: yes
configure:4848: checking for sys/socket.h
configure:4848: result: yes
configure:4848: checking sys/time.h usability
configure:4848: gcc -c -g -O2  conftest.c >&5
configure:4848: $? = 0
configure:4848: result: yes
configure:4848: checking sys/time.h presence
configure:4848: gcc -E  conftest.c
configure:4848: $? = 0
configure:4848: result: yes
configure:4848: checking for sys/time.h
configure:4848: result: yes
configure:4848: checking for unistd.h
configure:4848: result: yes
configure:4848: checking getopt.h usability
configure:4848: gcc -c -g -O2  conftest.c >&5
configure:4848: $? = 0
configure:4848: result: yes
configure:4848: checking getopt.h presence
configure:4848: gcc -E  conftest.c
configure:4848: $? = 0
configure:4848: result: yes
configure:4848: checking for getopt.h
configure:4848: result: yes
configure:4848: checking errno.h usability
configure:4848: gcc -c -g -O2  conftest.c >&5
configure:4848: $? = 0
configure:4848: result: yes
configure:4848: checking errno.h presence
configure:4848: gcc -E  conftest.c
configure:4848: $? = 0
configure:4848: result: yes
configure:4848: checking for errno.h
configure:4848: result: yes
configure:4848: checking wordexp.h usability
configure:4848: gcc -c -g -O2  conftest.c >&5
configure:4848: $? = 0
configure:4848: result: yes
configure:4848: checking wordexp.h presence
configure:4848: gcc -E  conftest.c
configure:4848: $? = 0
configure:4848: result: yes
configure:4848: checking for wordexp.h
configure:4848: result: yes
configure:4865: checking for stdbool.h that conforms to C99
configure:4932: gcc -c -g -O2  conftest.c >&5
configure:4932: $? = 0
configure:4939: result: yes
configure:4941: checking for _Bool
configure:4941: gcc -c -g -O2  conftest.c >&5
configure:4941: $? = 0
configure:4941: gcc -c -g -O2  conftest.c >&5
conftest.c: In function 'main':
conftest.c:66:20: error: expected expression before ')' token
   66 | if (sizeof ((_Bool)))
      |                    ^
configure:4941: $? = 1
configure: failed program was:
| /* confdefs.h */
| #define PACKAGE_NAME "MASA-CUDAlign"
| #define PACKAGE_TARNAME "masa-cudalign"
| #define PACKAGE_VERSION "4.0.2.1028"
| #define PACKAGE_STRING "MASA-CUDAlign 4.0.2.1028"
| #define PACKAGE_BUGREPORT "edans.sandes@gmail.com"
| #define PACKAGE_URL "https://github.com/edanssandes/masa-cudalign"
| #define PACKAGE "masa-cudalign"
| #define VERSION "4.0.2.1028"
| #define STDC_HEADERS 1
| #define HAVE_SYS_TYPES_H 1
| #define HAVE_SYS_STAT_H 1
| #define HAVE_STDLIB_H 1
| #define HAVE_STRING_H 1
| #define HAVE_MEMORY_H 1
| #define HAVE_STRINGS_H 1
| #define HAVE_INTTYPES_H 1
| #define HAVE_STDINT_H 1
| #define HAVE_UNISTD_H 1
| #define HAVE_ARPA_INET_H 1
| #define HAVE_STDLIB_H 1
| #define HAVE_STRING_H 1
| #define HAVE_SYS_SOCKET_H 1
| #define HAVE_SYS_TIME_H 1
| #define HAVE_UNISTD_H 1
| #define HAVE_GETOPT_H 1
| #define HAVE_ERRNO_H 1
| #define HAVE_WORDEXP_H 1
| /* end confdefs.h.  */
| #include <stdio.h>
| #ifdef HAVE_SYS_TYPES_H
| # include <sys/types.h>
| #endif
| #ifdef HAVE_SYS_STAT_H
| # include <sys/stat.h>
| #endif
| #ifdef STDC_HEADERS
| # include <stdlib.h>
| # include <stddef.h>
| #else
| # ifdef HAVE_STDLIB_H
| #  include <stdlib.h>
| # endif
| #endif
| #ifdef HAVE_STRING_H
| # if !defined STDC_HEADERS && defined HAVE_MEMORY_H
| #  include <memory.h>
| # endif
| # include <string.h>
| #endif
| #ifdef HAVE_STRINGS_H
| # include <strings.h>
| #endif
| #ifdef HAVE_INTTYPES_H
| # include <inttypes.h>
| #endif
| #ifdef HAVE_STDINT_H
| # include <stdint.h>
| #endif
| #ifdef HAVE_UNISTD_H
| # include <unistd.h>
| #endif
| int
| main ()
| {
| if (sizeof ((_Bool)))
| 	    return 0;
|   ;
|   return 0;
| }
configure:4941: result: yes
configure:4958: checking for inline
configure:4974: gcc -c -g -O2  conftest.c >&5
configure:4974: $? = 0
configure:4982: result: inline
configure:5000: checking for size_t
configure:5000: gcc -c -g -O2  conftest.c >&5
configure:5000: $? = 0
configure:5000: gcc -c -g -O2  conftest.c >&5
conftest.c: In function 'main':
conftest.c:68:21: error: expected expression before ')' token
   68 | if (sizeof ((size_t)))
      |                     ^
configure:5000: $? = 1
configure: failed program was:
| /* confdefs.h */
| #define PACKAGE_NAME "MASA-CUDAlign"
| #define PACKAGE_TARNAME "masa-cudalign"
| #define PACKAGE_VERSION "4.0.2.1028"
| #define PACKAGE_STRING "MASA-CUDAlign 4.0.2.1028"
| #define PACKAGE_BUGREPORT "edans.sandes@gmail.com"
| #define PACKAGE_URL "https://github.com/edanssandes/masa-cudalign"
| #define PACKAGE "masa-cudalign"
| #define VERSION "4.0.2.1028"
| #define STDC_HEADERS 1
| #define HAVE_SYS_TYPES_H 1
| #define HAVE_SYS_STAT_H 1
| #define HAVE_STDLIB_H 1
| #define HAVE_STRING_H 1
| #define HAVE_MEMORY_H 1
| #define HAVE_STRINGS_H 1
| #define HAVE_INTTYPES_H 1
| #define HAVE_STDINT_H 1
| #define HAVE_UNISTD_H 1
| #define HAVE_ARPA_INET_H 1
| #define HAVE_STDLIB_H 1
| #define HAVE_STRING_H 1
| #define HAVE_SYS_SOCKET_H 1
| #define HAVE_SYS_TIME_H 1
| #define HAVE_UNISTD_H 1
| #define HAVE_GETOPT_H 1
| #define HAVE_ERRNO_H 1
| #define HAVE_WORDEXP_H 1
| #define HAVE__BOOL 1
| #define HAVE_STDBOOL_H 1
| /* end confdefs.h.  */
| #include <stdio.h>
| #ifdef HAVE_SYS_TYPES_H
| # include <sys/types.h>
| #endif
| #ifdef HAVE_SYS_STAT_H
| # include <sys/stat.h>
| #endif
| #ifdef STDC_HEADERS
| # include <stdlib.h>
| # include <stddef.h>
| #else
| # ifdef HAVE_STDLIB_H
| #  include <stdlib.h>
| # endif
| #endif
| #ifdef HAVE_STRING_H
| # if !defined STDC_HEADERS && defined HAVE_MEMORY_H
| #  include <memory.h>
| # endif
| # include <string.h>
| #endif
| #ifdef HAVE_STRINGS_H
| # include <strings.h>
| #endif
| #ifdef HAVE_INTTYPES_H
| # include <inttypes.h>
| #endif
| #ifdef HAVE_STDINT_H
| # include <stdint.h>
| #endif
| #ifdef HAVE_UNISTD_H
| # include <unistd.h>
| #endif
| int
| main ()
| {
| if (sizeof ((size_t)))
| 	    return 0;
|   ;
|   return 0;
| }
configure:5000: result: yes
configure:5016: checking for pid_t
configure:5016: gcc -c -g -O2  conftest.c >&5
configure:5016: $? = 0
configure:5016: gcc -c -g -O2  conftest.c >&5
conftest.c: In function 'main':
conftest.c:68:20: error: expected expression before ')' token
   68 | if (sizeof ((pid_t)))
      |                    ^
configure:5016: $? = 1
configure: failed program was:
| /* confdefs.h */
| #define PACKAGE_NAME "MASA-CUDAlign"
| #define PACKAGE_TARNAME "masa-cudalign"
| #define PACKAGE_VERSION "4.0.2.1028"
| #define PACKAGE_STRING "MASA-CUDAlign 4.0.2.1028"
| #define PACKAGE_BUGREPORT "edans.sandes@gmail.com"
| #define PACKAGE_URL "https://github.com/edanssandes/masa-cudalign"
| #define PACKAGE "masa-cudalign"
| #define VERSION "4.0.2.1028"
| #define STDC_HEADERS 1
| #define HAVE_SYS_TYPES_H 1
| #define HAVE_SYS_STAT_H 1
| #define HAVE_STDLIB_H 1
| #define HAVE_STRING_H 1
| #define HAVE_MEMORY_H 1
| #define HAVE_STRINGS_H 1
| #define HAVE_INTTYPES_H 1
| #define HAVE_STDINT_H 1
| #define HAVE_UNISTD_H 1
| #define HAVE_ARPA_INET_H 1
| #define HAVE_STDLIB_H 1
| #define HAVE_STRING_H 1
| #define HAVE_SYS_SOCKET_H 1
| #define HAVE_SYS_TIME_H 1
| #define HAVE_UNISTD_H 1
| #define HAVE_GETOPT_H 1
| #define HAVE_ERRNO_H 1
| #define HAVE_WORDEXP_H 1
| #define HAVE__BOOL 1
| #define HAVE_STDBOOL_H 1
| /* end confdefs.h.  */
| #include <stdio.h>
| #ifdef HAVE_SYS_TYPES_H
| # include <sys/types.h>
| #endif
| #ifdef HAVE_SYS_STAT_H
| # include <sys/stat.h>
| #endif
| #ifdef STDC_HEADERS
| # include <stdlib.h>
| # include <stddef.h>
| #else
| # ifdef HAVE_STDLIB_H
| #  include <stdlib.h>
| # endif
| #endif
| #ifdef HAVE_STRING_H
| # if !defined STDC_HEADERS && defined HAVE_MEMORY_H
| #  include <memory.h>
| # endif
| # include <string.h>
| #endif
| #ifdef HAVE_STRINGS_H
| # include <strings.h>
| #endif
| #ifdef HAVE_INTTYPES_H
| # include <inttypes.h>
| #endif
| #ifdef HAVE_STDINT_H
| # include <stdint.h>
| #endif
| #ifdef HAVE_UNISTD_H
| # include <unistd.h>
| #endif
| int
| main ()
| {
| if (sizeof ((pid_t)))
| 	    return 0;
|   ;
|   return 0;
| }
configure:5016: result: yes
configure:5029: checking vfork.h usability
configure:5029: gcc -c -g -O2  conftest.c >&5
conftest.c:65:10: fatal error: vfork.h: No such file or directory
   65 | #include <vfork.h>
      |          ^~~~~~~~~
compilation terminated.
configure:5029: $? = 1
configure: failed program was:
| /* confdefs.h */
| #define PACKAGE_NAME "MASA-CUDAlign"
| #define PACKAGE_TARNAME "masa-cudalign"
| #define PACKAGE_VERSION "4.0.2.1028"
| #define PACKAGE_STRING "MASA-CUDAlign 4.0.2.1028"
| #define PACKAGE_BUGREPORT "edans.sandes@gmail.com"
| #define PACKAGE_URL "https://github.com/edanssandes/masa-cudalign"
| #define PACKAGE "masa-cudalign"
| #define VERSION "4.0.2.1028"
| #define STDC_HEADERS 1
| #define HAVE_SYS_TYPES_H 1
| #define HAVE_SYS_STAT_H 1
| #define HAVE_STDLIB_H 1
| #define HAVE_STRING_H 1
| #define HAVE_MEMORY_H 1
| #define HAVE_STRINGS_H 1
| #define HAVE_INTTYPES_H 1
| #define HAVE_STDINT_H 1
| #define HAVE_UNISTD_H 1
| #define HAVE_ARPA_INET_H 1
| #define HAVE_STDLIB_H 1
| #define HAVE_STRING_H 1
| #define HAVE_SYS_SOCKET_H 1
| #define HAVE_SYS_TIME_H 1
| #define HAVE_UNISTD_H 1
| #define HAVE_GETOPT_H 1
| #define HAVE_ERRNO_H 1
| #define HAVE_WORDEXP_H 1
| #define HAVE__BOOL 1
| #define HAVE_STDBOOL_H 1
| /* end confdefs.h.  */
| #include <stdio.h>
| #ifdef HAVE_SYS_TYPES_H
| # include <sys/types.h>
| #endif
| #ifdef HAVE_SYS_STAT_H
| # include <sys/stat.h>
| #endif
| #ifdef STDC_HEADERS
| # include <stdlib.h>
| # include <stddef.h>
| #else
| # ifdef HAVE_STDLIB_H
| #  include <stdlib.h>
| # endif
| #endif
| #ifdef HAVE_STRING_H
| # if !defined STDC_HEADERS && defined HAVE_MEMORY_H
| #  include <memory.h>
| # endif
| # include <string.h>
| #endif
| #ifdef HAVE_STRINGS_H
| # include <strings.h>
| #endif
| #ifdef HAVE_INTTYPES_H
| # include <inttypes.h>
| #endif
| #ifdef HAVE_STDINT_H
| # include <stdint.h>
| #endif
| #ifdef HAVE_UNISTD_H
| # include <unistd.h>
| #endif
| #include <vfork.h>
configure:5029: result: no
configure:5029: checking vfork.h presence
configure:5029: gcc -E  conftest.c
conftest.c:32:10: fatal error: vfork.h: No such file or directory
   32 | #include <vfork.h>
      |          ^~~~~~~~~
compilation terminated.
configure:5029: $? = 1
configure: failed program was:
| /* confdefs.h */
| #define PACKAGE_NAME "MASA-CUDAlign"
| #define PACKAGE_TARNAME "masa-cudalign"
| #define PACKAGE_VERSION "4.0.2.1028"
| #define PACKAGE_STRING "MASA-CUDAlign 4.0.2.1028"
| #define PACKAGE_BUGREPORT "edans.sandes@gmail.com"
| #define PACKAGE_URL "https://github.com/edanssandes/masa-cudalign"
| #define PACKAGE "masa-cudalign"
| #define VERSION "4.0.2.1028"
| #define STDC_HEADERS 1
| #define HAVE_SYS_TYPES_H 1
| #define HAVE_SYS_STAT_H 1
| #define HAVE_STDLIB_H 1
| #define HAVE_STRING_H 1
| #define HAVE_MEMORY_H 1
| #define HAVE_STRINGS_H 1
| #define HAVE_INTTYPES_H 1
| #define HAVE_STDINT_H 1
| #define HAVE_UNISTD_H 1
| #define HAVE_ARPA_INET_H 1
| #define HAVE_STDLIB_H 1
| #define HAVE_STRING_H 1
| #define HAVE_SYS_SOCKET_H 1
| #define HAVE_SYS_TIME_H 1
| #define HAVE_UNISTD_H 1
| #define HAVE_GETOPT_H 1
| #define HAVE_ERRNO_H 1
| #define HAVE_WORDEXP_H 1
| #define HAVE__BOOL 1
| #define HAVE_STDBOOL_H 1
| /* end confdefs.h.  */
| #include <vfork.h>
configure:5029: result: no
configure:5029: checking for vfork.h
configure:5029: result: no
configure:5042: checking for fork
configure:5042: gcc -o conftest -g -O2   conftest.c  >&5
conftest.c:55:6: warning: conflicting types for built-in function 'fork'; expected 'int(void)' [-Wbuiltin-declaration-mismatch]
   55 | char fork ();
      |      ^~~~
configure:5042: $? = 0
configure:5042: result: yes
configure:5042: checking for vfork
configure:5042: gcc -o conftest -g -O2   conftest.c  >&5
configure:5042: $? = 0
configure:5042: result: yes
configure:5052: checking for working fork
configure:5074: gcc -o conftest -g -O2   conftest.c  >&5
configure:5074: $? = 0
configure:5074: ./conftest
configure:5074: $? = 0
configure:5084: result: yes
configure:5105: checking for working vfork
configure:5215: result: yes
configure:5242: checking for stdlib.h
configure:5242: result: yes
configure:5252: checking for GNU libc compatible malloc
configure:5276: gcc -o conftest -g -O2   conftest.c  >&5
configure:5276: $? = 0
configure:5276: ./conftest
configure:5276: $? = 0
configure:5286: result: yes
configure:5310: checking for gettimeofday
configure:5310: gcc -o conftest -g -O2   conftest.c  >&5
configure:5310: $? = 0
configure:5310: result: yes
configure:5310: checking for inet_ntoa
configure:5310: gcc -o conftest -g -O2   conftest.c  >&5
configure:5310: $? = 0
configure:5310: result: yes
configure:5310: checking for memset
configure:5310: gcc -o conftest -g -O2   conftest.c  >&5
conftest.c:63:6: warning: conflicting types for built-in function 'memset'; expected 'void *(void *, int,  long unsigned int)' [-Wbuiltin-declaration-mismatch]
   63 | char memset ();
      |      ^~~~~~
conftest.c:51:1: note: 'memset' is declared in header '<string.h>'
   50 | # include <limits.h>
   51 | #else
configure:5310: $? = 0
configure:5310: result: yes
configure:5310: checking for mkdir
configure:5310: gcc -o conftest -g -O2   conftest.c  >&5
configure:5310: $? = 0
configure:5310: result: yes
configure:5310: checking for pow
configure:5310: gcc -o conftest -g -O2   conftest.c  >&5
conftest.c:65:6: warning: conflicting types for built-in function 'pow'; expected 'double(double,  double)' [-Wbuiltin-declaration-mismatch]
   65 | char pow ();
      |      ^~~
conftest.c:53:1: note: 'pow' is declared in header '<math.h>'
   52 | # include <limits.h>
   53 | #else
/usr/bin/ld: /tmp/ccw84v1n.o: in function `main':
/home/matheus_pinho/Área de Trabalho/masa-cudalign-apa/masa-cudalign/conftest.c:76: undefined reference to `pow'
collect2: error: ld returned 1 exit status
configure:5310: $? = 1
configure: failed program was:
| /* confdefs.h */
| #define PACKAGE_NAME "MASA-CUDAlign"
| #define PACKAGE_TARNAME "masa-cudalign"
| #define PACKAGE_VERSION "4.0.2.1028"
| #define PACKAGE_STRING "MASA-CUDAlign 4.0.2.1028"
| #define PACKAGE_BUGREPORT "edans.sandes@gmail.com"
| #define PACKAGE_URL "https://github.com/edanssandes/masa-cudalign"
| #define PACKAGE "masa-cudalign"
| #define VERSION "4.0.2.1028"
| #define STDC_HEADERS 1
| #define HAVE_SYS_TYPES_H 1
| #define HAVE_SYS_STAT_H 1
| #define HAVE_STDLIB_H 1
| #define HAVE_STRING_H 1
| #define HAVE_MEMORY_H 1
| #define HAVE_STRINGS_H 1
| #define HAVE_INTTYPES_H 1
| #define HAVE_STDINT_H 1
| #define HAVE_UNISTD_H 1
| #define HAVE_ARPA_INET_H 1
| #define HAVE_STDLIB_H 1
| #define HAVE_STRING_H 1
| #define HAVE_SYS_SOCKET_H 1
| #define HAVE_SYS_TIME_H 1
| #define HAVE_UNISTD_H 1
| #define HAVE_GETOPT_H 1
| #define HAVE_ERRNO_H 1
| #define HAVE_WORDEXP_H 1
| #define HAVE__BOOL 1
| #define HAVE_STDBOOL_H 1
| #define HAVE_FORK 1
| #define HAVE_VFORK 1
| #define HAVE_WORKING_VFORK 1
| #define HAVE_WORKING_FORK 1
| #define HAVE_STDLIB_H 1
| #define HAVE_MALLOC 1
| #define HAVE_GETTIMEOFDAY 1
| #define HAVE_INET_NTOA 1
| #define HAVE_MEMSET 1
| #define HAVE_MKDIR 1
| /* end confdefs.h.  */
| /* Define pow to an innocuous variant, in case <limits.h> declares pow.
|    For example, HP-UX 11i <limits.h> declares gettimeofday.  */
| #define pow innocuous_pow
| 
| /* System header to define __stub macros and hopefully few prototypes,
|     which can conflict with char pow (); below.
|     Prefer <limits.h> to <assert.h> if __STDC__ is defined, since
|     <limits.h> exists even on freestanding compilers.  */
| 
| #ifdef __STDC__
| # include <limits.h>
| #else
| # include <assert.h>
| #endif
| 
| #undef pow
| 
| /* Override any GCC internal prototype to avoid an error.
|    Use char because int might match the return type of a GCC
|    builtin and then its argument prototype would still apply.  */
| #ifdef __cplusplus
| extern "C"
| #endif
| char pow ();
| /* The GNU C library defines this for functions which it implements
|     to always fail with ENOSYS.  Some functions are actually named
|     something starting with __ and the normal name is an alias.  */
| #if defined __stub_pow || defined __stub___pow
| choke me
| #endif
| 
| int
| main ()
| {
| return pow ();
|   ;
|   return 0;
| }
configure:5310: result: no
configure:5310: checking for socket
configure:5310: gcc -o conftest -g -O2   conftest.c  >&5
configure:5310: $? = 0
configure:5310: result: yes
configure:5310: checking for strcasecmp
configure:5310: gcc -o conftest -g -O2   conftest.c  >&5
conftest.c:66:6: warning: conflicting types for built-in function 'strcasecmp'; expected 'int(const char *, const char *)' [-Wbuiltin-declaration-mismatch]
   66 | char strcasecmp ();
      |      ^~~~~~~~~~
configure:5310: $? = 0
configure:5310: result: yes
configure:5393: Enabling 64bit compilation
configure:5438: checking for /usr/lib/cuda/lib64/libcudart.so
configure:5452: result: yes
configure:5472: WARNING: if the compilation fails with an unsupported compiler version,
	                  try other g++ compiler version instead
	                  (e.g.  ./configure --enable-compiler-bindir=/usr/bin/g++-4.4)
configure:5491: checking for nvcc
configure:5509: found /usr/bin/nvcc
configure:5521: result: /usr/bin/nvcc
configure:5760: checking for cudaMemcpy in -lcudart
configure:5785: gcc -o conftest -g -O2   -L/usr/lib/cuda/lib64 conftest.c -lcudart   >&5
configure:5785: $? = 0
configure:5794: result: yes
configure:5810: checking for cuMemcpy in -lcuda
configure:5835: gcc -o conftest -g -O2   -L/usr/lib/cuda/lib64 conftest.c -lcuda  -lcudart  >&5
configure:5835: $? = 0
configure:5844: result: yes
configure:5868: checking cuda_runtime.h usability
configure:5868: gcc -c -g -O2 -I/usr/lib/cuda/include conftest.c >&5
configure:5868: $? = 0
configure:5868: result: yes
configure:5868: checking cuda_runtime.h presence
configure:5868: gcc -E -I/usr/lib/cuda/include conftest.c
configure:5868: $? = 0
configure:5868: result: yes
configure:5868: checking for cuda_runtime.h
configure:5868: result: yes
configure:6003: checking that generated files are newer than configure
configure:6009: result: done
configure:6040: creating ./config.status

## ---------------------- ##
## Running config.status. ##
## ---------------------- ##

This file was extended by MASA-CUDAlign config.status 4.0.2.1028, which was
generated by GNU Autoconf 2.69.  Invocation command line was

  CONFIG_FILES    = 
  CONFIG_HEADERS  = 
  CONFIG_LINKS    = 
  CONFIG_COMMANDS = 
  $ ./config.status 

on cuda08

config.status:893: creating Makefile
config.status:893: creating src/config.h
config.status:1074: src/config.h is unchanged
config.status:1122: executing depfiles commands
config.status:1199: cd .       && sed -e '/# am--include-marker/d' Makefile         | make -f - am--depfiles
make: Nothing to be done for 'am--depfiles'.
config.status:1204: $? = 0
configure:7424: === configuring in libs/masa-core (/home/matheus_pinho/Área de Trabalho/masa-cudalign-apa/masa-cudalign/libs/masa-core)
configure:7487: running /bin/bash ./configure --disable-option-checking '--prefix=/usr/local'  '--with-cuda=/usr/lib/cuda' '--with-nvcc=/usr/bin' --cache-file=/dev/null --srcdir=.

## ---------------- ##
## Cache variables. ##
## ---------------- ##

ac_cv_c_compiler_gnu=yes
ac_cv_c_inline=inline
ac_cv_cxx_compiler_gnu=yes
ac_cv_env_CCC_set=
ac_cv_env_CCC_value=
ac_cv_env_CC_set=
ac_cv_env_CC_value=
ac_cv_env_CFLAGS_set=
ac_cv_env_CFLAGS_value=
ac_cv_env_CPPFLAGS_set=
ac_cv_env_CPPFLAGS_value=
ac_cv_env_CPP_set=
ac_cv_env_CPP_value=
ac_cv_env_CXXFLAGS_set=
ac_cv_env_CXXFLAGS_value=
ac_cv_env_CXX_set=
ac_cv_env_CXX_value=
ac_cv_env_LDFLAGS_set=
ac_cv_env_LDFLAGS_value=
ac_cv_env_LIBS_set=
ac_cv_env_LIBS_value=
ac_cv_env_build_alias_set=
ac_cv_env_build_alias_value=
ac_cv_env_host_alias_set=
ac_cv_env_host_alias_value=
ac_cv_env_target_alias_set=
ac_cv_env_target_alias_value=
ac_cv_file__usr_lib_cuda_lib64_libcudart_so=yes
ac_cv_func_fork=yes
ac_cv_func_fork_works=yes
ac_cv_func_gettimeofday=yes
ac_cv_func_inet_ntoa=yes
ac_cv_func_malloc_0_nonnull=yes
ac_cv_func_memset=yes
ac_cv_func_mkdir=yes
ac_cv_func_pow=no
ac_cv_func_socket=yes
ac_cv_func_strcasecmp=yes
ac_cv_func_vfork=yes
ac_cv_func_vfork_works=yes
ac_cv_header_arpa_inet_h=yes
ac_cv_header_cuda_runtime_h=yes
ac_cv_header_errno_h=yes
ac_cv_header_getopt_h=yes
ac_cv_header_inttypes_h=yes
ac_cv_header_memory_h=yes
ac_cv_header_stdbool_h=yes
ac_cv_header_stdc=yes
ac_cv_header_stdint_h=yes
ac_cv_header_stdlib_h=yes
ac_cv_header_string_h=yes
ac_cv_header_strings_h=yes
ac_cv_header_sys_socket_h=yes
ac_cv_header_sys_stat_h=yes
ac_cv_header_sys_time_h=yes
ac_cv_header_sys_types_h=yes
ac_cv_header_unistd_h=yes
ac_cv_header_vfork_h=no
ac_cv_header_wordexp_h=yes
ac_cv_lib_cuda_cuMemcpy=yes
ac_cv_lib_cudart_cudaMemcpy=yes
ac_cv_objext=o
ac_cv_path_EGREP='/usr/bin/grep -E'
ac_cv_path_GREP=/usr/bin/grep
ac_cv_path_NVCC=/usr/bin/nvcc
ac_cv_path_install='/usr/bin/install -c'
ac_cv_path_mkdir=/usr/bin/mkdir
ac_cv_prog_AWK=mawk
ac_cv_prog_CPP='gcc -E'
ac_cv_prog_ac_ct_CC=gcc
ac_cv_prog_ac_ct_CXX=g++
ac_cv_prog_ac_ct_RANLIB=ranlib
ac_cv_prog_cc_c89=
ac_cv_prog_cc_g=yes
ac_cv_prog_cxx_g=yes
ac_cv_prog_make_make_set=yes
ac_cv_type__Bool=yes
ac_cv_type_pid_t=yes
ac_cv_type_size_t=yes
am_cv_CC_dependencies_compiler_type=gcc3
am_cv_CXX_dependencies_compiler_type=gcc3
am_cv_make_support_nested_variables=yes
am_cv_prog_cc_c_o=yes

## ----------------- ##
## Output variables. ##
## ----------------- ##

ACLOCAL='${SHELL} "/home/matheus_pinho/Área de Trabalho/masa-cudalign-apa/masa-cudalign/admin/missing" aclocal-1.16'
AMDEPBACKSLASH='\'
AMDEP_FALSE='#'
AMDEP_TRUE=''
AMTAR='$${TAR-tar}'
AM_BACKSLASH='\'
AM_DEFAULT_V='$(AM_DEFAULT_VERBOSITY)'
AM_DEFAULT_VERBOSITY='1'
AM_V='$(V)'
AUTOCONF='${SHELL} "/home/matheus_pinho/Área de Trabalho/masa-cudalign-apa/masa-cudalign/admin/missing" autoconf'
AUTOHEADER='${SHELL} "/home/matheus_pinho/Área de Trabalho/masa-cudalign-apa/masa-cudalign/admin/missing" autoheader'
AUTOMAKE='${SHELL} "/home/matheus_pinho/Área de Trabalho/masa-cudalign-apa/masa-cudalign/admin/missing" automake-1.16'
AWK='mawk'
CC='gcc'
CCDEPMODE='depmode=gcc3'
CFLAGS='-g -O2'
COMMONFLAGS='-DUNIX  -DTHREADS_COUNT=128  -m64 -O3 -Ilibs/masa-core/src'
COMPILE_CUDA_FALSE='#'
COMPILE_CUDA_TRUE=''
CPP='gcc -E'
CPPFLAGS=''
CUDA_CFLAGS='-I/usr/lib/cuda/include'
CUDA_LIBS='-L/usr/lib/cuda/lib64'
CXX='g++'
CXXDEPMODE='depmode=gcc3'
CXXFLAGS=''
CYGPATH_W='echo'
DEFS='-DHAVE_CONFIG_H'
DEPDIR='.deps'
ECHO_C=''
ECHO_N='-n'
ECHO_T=''
EGREP='/usr/bin/grep -E'
EXEEXT=''
GREP='/usr/bin/grep'
INSTALL_DATA='${INSTALL} -m 644'
INSTALL_PROGRAM='${INSTALL}'
INSTALL_SCRIPT='${INSTALL}'
INSTALL_STRIP_PROGRAM='$(install_sh) -c -s'
LDFLAGS=''
LIBMASA_PATH='libs/masa-core'
LIBOBJS=''
LIBS='-lcuda -lcudart '
LTLIBOBJS=''
MAKEINFO='${SHELL} "/home/matheus_pinho/Área de Trabalho/masa-cudalign-apa/masa-cudalign/admin/missing" makeinfo'
MKDIR_P='/usr/bin/mkdir -p'
NVCC='/usr/bin/nvcc'
NVCCFLAGS='-I/usr/lib/cuda/include   --gpu-architecture=sm_75  '
OBJEXT='o'
PACKAGE='masa-cudalign'
PACKAGE_BUGREPORT='edans.sandes@gmail.com'
PACKAGE_NAME='MASA-CUDAlign'
PACKAGE_STRING='MASA-CUDAlign 4.0.2.1028'
PACKAGE_TARNAME='masa-cudalign'
PACKAGE_URL='https://github.com/edanssandes/masa-cudalign'
PACKAGE_VERSION='4.0.2.1028'
PATH_SEPARATOR=':'
RANLIB='ranlib'
SET_MAKE=''
SHELL='/bin/bash'
STRIP=''
VERSION='4.0.2.1028'
ac_ct_CC='gcc'
ac_ct_CXX='g++'
am__EXEEXT_FALSE=''
am__EXEEXT_TRUE='#'
am__fastdepCC_FALSE='#'
am__fastdepCC_TRUE=''
am__fastdepCXX_FALSE='#'
am__fastdepCXX_TRUE=''
am__include='include'
am__isrc=''
am__leading_dot='.'
am__nodep='_no'
am__quote=''
am__tar='$${TAR-tar} chof - "$$tardir"'
am__untar='$${TAR-tar} xf -'
bindir='${exec_prefix}/bin'
build_alias=''
datadir='${datarootdir}'
datarootdir='${prefix}/share'
docdir='${datarootdir}/doc/${PACKAGE_TARNAME}'
dvidir='${docdir}'
exec_prefix='${prefix}'
host_alias=''
htmldir='${docdir}'
includedir='${prefix}/include'
infodir='${datarootdir}/info'
install_sh='${SHELL} '\''/home/matheus_pinho/Área de Trabalho/masa-cudalign-apa/masa-cudalign/admin/install-sh'\'''
libdir='${exec_prefix}/lib'
libexecdir='${exec_prefix}/libexec'
localedir='${datarootdir}/locale'
localstatedir='${prefix}/var'
mandir='${datarootdir}/man'
mkdir_p='$(MKDIR_P)'
oldincludedir='/usr/include'
pdfdir='${docdir}'
prefix='/usr/local'
program_transform_name='s,x,x,'
psdir='${docdir}'
runstatedir='${localstatedir}/run'
sbindir='${exec_prefix}/sbin'
sharedstatedir='${prefix}/com'
subdirs=' libs/masa-core'
sysconfdir='${prefix}/etc'
target_alias=''

## ----------- ##
## confdefs.h. ##
## ----------- ##

/* confdefs.h */
#define PACKAGE_NAME "MASA-CUDAlign"
#define PACKAGE_TARNAME "masa-cudalign"
#define PACKAGE_VERSION "4.0.2.1028"
#define PACKAGE_STRING "MASA-CUDAlign 4.0.2.1028"
#define PACKAGE_BUGREPORT "edans.sandes@gmail.com"
#define PACKAGE_URL "https://github.com/edanssandes/masa-cudalign"
#define PACKAGE "masa-cudalign"
#define VERSION "4.0.2.1028"
#define STDC_HEADERS 1
#define HAVE_SYS_TYPES_H 1
#define HAVE_SYS_STAT_H 1
#define HAVE_STDLIB_H 1
#define HAVE_STRING_H 1
#define HAVE_MEMORY_H 1
#define HAVE_STRINGS_H 1
#define HAVE_INTTYPES_H 1
#define HAVE_STDINT_H 1
#define HAVE_UNISTD_H 1
#define HAVE_ARPA_INET_H 1
#define HAVE_STDLIB_H 1
#define HAVE_STRING_H 1
#define HAVE_SYS_SOCKET_H 1
#define HAVE_SYS_TIME_H 1
#define HAVE_UNISTD_H 1
#define HAVE_GETOPT_H 1
#define HAVE_ERRNO_H 1
#define HAVE_WORDEXP_H 1
#define HAVE__BOOL 1
#define HAVE_STDBOOL_H 1
#define HAVE_FORK 1
#define HAVE_VFORK 1
#define HAVE_WORKING_VFORK 1
#define HAVE_WORKING_FORK 1
#define HAVE_STDLIB_H 1
#define HAVE_MALLOC 1
#define HAVE_GETTIMEOFDAY 1
#define HAVE_INET_NTOA 1
#define HAVE_MEMSET 1
#define HAVE_MKDIR 1
#define HAVE_SOCKET 1
#define HAVE_STRCASECMP 1
#define COMPILED_CUDA_ARCH "sm_75"
#define HAVE_LIBCUDART 1
#define HAVE_LIBCUDA 1
#define HAVE_CUDA_RUNTIME_H 1

configure: exit 0
