This file contains any messages produced by compilers while
running configure, to aid debugging if configure makes a mistake.

It was created by masa-core configure 1.4.2.1028, which was
generated by GNU Autoconf 2.69.  Invocation command line was

  $ ./configure --disable-option-checking --prefix=/usr/local --with-cuda=/usr/lib/cuda --with-nvcc=/usr/bin --cache-file=/dev/null --srcdir=.

## --------- ##
## Platform. ##
## --------- ##

hostname = cuda08
uname -m = x86_64
uname -r = 5.15.0-53-generic
uname -s = Linux
uname -v = #59~20.04.1-Ubuntu SMP Thu Oct 20 15:10:22 UTC 2022

/usr/bin/uname -p = x86_64
/bin/uname -X     = unknown

/bin/arch              = x86_64
/usr/bin/arch -k       = unknown
/usr/convex/getsysinfo = unknown
/usr/bin/hostinfo      = unknown
/bin/machine           = unknown
/usr/bin/oslevel       = unknown
/bin/universe          = unknown

PATH: /usr/local/sbin
PATH: /usr/local/bin
PATH: /usr/sbin
PATH: /usr/bin
PATH: /sbin
PATH: /bin
PATH: /usr/games
PATH: /usr/local/games
PATH: /snap/bin


## ----------- ##
## Core tests. ##
## ----------- ##

configure:2305: checking for a BSD-compatible install
configure:2373: result: /usr/bin/install -c
configure:2384: checking whether build environment is sane
configure:2439: result: yes
configure:2588: checking for a thread-safe mkdir -p
configure:2627: result: /usr/bin/mkdir -p
configure:2634: checking for gawk
configure:2664: result: no
configure:2634: checking for mawk
configure:2650: found /usr/bin/mawk
configure:2661: result: mawk
configure:2672: checking whether make sets $(MAKE)
configure:2694: result: yes
configure:2723: checking whether make supports nested variables
configure:2740: result: yes
configure:2974: checking for ranlib
configure:2990: found /usr/bin/ranlib
configure:3001: result: ranlib
configure:3086: checking for g++
configure:3102: found /usr/bin/g++
configure:3113: result: g++
configure:3140: checking for C++ compiler version
configure:3149: g++ --version >&5
g++ (Ubuntu 9.4.0-1ubuntu1~20.04.1) 9.4.0
Copyright (C) 2019 Free Software Foundation, Inc.
This is free software; see the source for copying conditions.  There is NO
warranty; not even for MERCHANTABILITY or FITNESS FOR A PARTICULAR PURPOSE.

configure:3160: $? = 0
configure:3149: g++ -v >&5
Using built-in specs.
COLLECT_GCC=g++
COLLECT_LTO_WRAPPER=/usr/lib/gcc/x86_64-linux-gnu/9/lto-wrapper
OFFLOAD_TARGET_NAMES=nvptx-none:hsa
OFFLOAD_TARGET_DEFAULT=1
Target: x86_64-linux-gnu
Configured with: ../src/configure -v --with-pkgversion='Ubuntu 9.4.0-1ubuntu1~20.04.1' --with-bugurl=file:///usr/share/doc/gcc-9/README.Bugs --enable-languages=c,ada,c++,go,brig,d,fortran,objc,obj-c++,gm2 --prefix=/usr --with-gcc-major-version-only --program-suffix=-9 --program-prefix=x86_64-linux-gnu- --enable-shared --enable-linker-build-id --libexecdir=/usr/lib --without-included-gettext --enable-threads=posix --libdir=/usr/lib --enable-nls --enable-clocale=gnu --enable-libstdcxx-debug --enable-libstdcxx-time=yes --with-default-libstdcxx-abi=new --enable-gnu-unique-object --disable-vtable-verify --enable-plugin --enable-default-pie --with-system-zlib --with-target-system-zlib=auto --enable-objc-gc=auto --enable-multiarch --disable-werror --with-arch-32=i686 --with-abi=m64 --with-multilib-list=m32,m64,mx32 --enable-multilib --with-tune=generic --enable-offload-targets=nvptx-none=/build/gcc-9-Av3uEd/gcc-9-9.4.0/debian/tmp-nvptx/usr,hsa --without-cuda-driver --enable-checking=release --build=x86_64-linux-gnu --host=x86_64-linux-gnu --target=x86_64-linux-gnu
Thread model: posix
gcc version 9.4.0 (Ubuntu 9.4.0-1ubuntu1~20.04.1) 
configure:3160: $? = 0
configure:3149: g++ -V >&5
g++: error: unrecognized command line option '-V'
g++: fatal error: no input files
compilation terminated.
configure:3160: $? = 1
configure:3149: g++ -qversion >&5
g++: error: unrecognized command line option '-qversion'; did you mean '--version'?
g++: fatal error: no input files
compilation terminated.
configure:3160: $? = 1
configure:3180: checking whether the C++ compiler works
configure:3202: g++    conftest.cpp  >&5
configure:3206: $? = 0
configure:3254: result: yes
configure:3257: checking for C++ compiler default output file name
configure:3259: result: a.out
configure:3265: checking for suffix of executables
configure:3272: g++ -o conftest    conftest.cpp  >&5
configure:3276: $? = 0
configure:3298: result: 
configure:3320: checking whether we are cross compiling
configure:3328: g++ -o conftest    conftest.cpp  >&5
configure:3332: $? = 0
configure:3339: ./conftest
configure:3343: $? = 0
configure:3331: result: no
configure:3336: checking for suffix of object files
configure:3358: g++ -c   conftest.cpp >&5
configure:3362: $? = 0
configure:3383: result: o
configure:3387: checking whether we are using the GNU C++ compiler
configure:3406: g++ -c   conftest.cpp >&5
configure:3406: $? = 0
configure:3415: result: yes
configure:3424: checking whether g++ accepts -g
configure:3444: g++ -c -g  conftest.cpp >&5
configure:3444: $? = 0
configure:3485: result: yes
configure:3511: checking whether make supports the include directive
configure:3526: make -f confmf.GNU && cat confinc.out
this is the am__doit target
configure:3529: $? = 0
configure:3548: result: yes (GNU style)
configure:3573: checking dependency style of g++
configure:3684: result: gcc3
configure:3747: checking for gcc
configure:3763: found /usr/bin/gcc
configure:3774: result: gcc
configure:4003: checking for C compiler version
configure:4012: gcc --version >&5
gcc (Ubuntu 9.4.0-1ubuntu1~20.04.1) 9.4.0
Copyright (C) 2019 Free Software Foundation, Inc.
This is free software; see the source for copying conditions.  There is NO
warranty; not even for MERCHANTABILITY or FITNESS FOR A PARTICULAR PURPOSE.

configure:4023: $? = 0
configure:4012: gcc -v >&5
Using built-in specs.
COLLECT_GCC=gcc
COLLECT_LTO_WRAPPER=/usr/lib/gcc/x86_64-linux-gnu/9/lto-wrapper
OFFLOAD_TARGET_NAMES=nvptx-none:hsa
OFFLOAD_TARGET_DEFAULT=1
Target: x86_64-linux-gnu
Configured with: ../src/configure -v --with-pkgversion='Ubuntu 9.4.0-1ubuntu1~20.04.1' --with-bugurl=file:///usr/share/doc/gcc-9/README.Bugs --enable-languages=c,ada,c++,go,brig,d,fortran,objc,obj-c++,gm2 --prefix=/usr --with-gcc-major-version-only --program-suffix=-9 --program-prefix=x86_64-linux-gnu- --enable-shared --enable-linker-build-id --libexecdir=/usr/lib --without-included-gettext --enable-threads=posix --libdir=/usr/lib --enable-nls --enable-clocale=gnu --enable-libstdcxx-debug --enable-libstdcxx-time=yes --with-default-libstdcxx-abi=new --enable-gnu-unique-object --disable-vtable-verify --enable-plugin --enable-default-pie --with-system-zlib --with-target-system-zlib=auto --enable-objc-gc=auto --enable-multiarch --disable-werror --with-arch-32=i686 --with-abi=m64 --with-multilib-list=m32,m64,mx32 --enable-multilib --with-tune=generic --enable-offload-targets=nvptx-none=/build/gcc-9-Av3uEd/gcc-9-9.4.0/debian/tmp-nvptx/usr,hsa --without-cuda-driver --enable-checking=release --build=x86_64-linux-gnu --host=x86_64-linux-gnu --target=x86_64-linux-gnu
Thread model: posix
gcc version 9.4.0 (Ubuntu 9.4.0-1ubuntu1~20.04.1) 
configure:4023: $? = 0
configure:4012: gcc -V >&5
gcc: error: unrecognized command line option '-V'
gcc: fatal error: no input files
compilation terminated.
configure:4023: $? = 1
configure:4012: gcc -qversion >&5
gcc: error: unrecognized command line option '-qversion'; did you mean '--version'?
gcc: fatal error: no input files
compilation terminated.
configure:4023: $? = 1
configure:4027: checking whether we are using the GNU C compiler
configure:4046: gcc -c   conftest.c >&5
configure:4046: $? = 0
configure:4055: result: yes
configure:4064: checking whether gcc accepts -g
configure:4084: gcc -c -g  conftest.c >&5
configure:4084: $? = 0
configure:4125: result: yes
configure:4142: checking for gcc option to accept ISO C89
configure:4205: gcc  -c -g -O2  conftest.c >&5
configure:4205: $? = 0
configure:4218: result: none needed
configure:4243: checking whether gcc understands -c and -o together
configure:4265: gcc -c conftest.c -o conftest2.o
configure:4268: $? = 0
configure:4265: gcc -c conftest.c -o conftest2.o
configure:4268: $? = 0
configure:4280: result: yes
configure:4299: checking dependency style of gcc
configure:4410: result: gcc3
configure:4430: checking how to run the C preprocessor
configure:4461: gcc -E  conftest.c
configure:4461: $? = 0
configure:4475: gcc -E  conftest.c
conftest.c:11:10: fatal error: ac_nonexistent.h: No such file or directory
   11 | #include <ac_nonexistent.h>
      |          ^~~~~~~~~~~~~~~~~~
compilation terminated.
configure:4475: $? = 1
configure: failed program was:
| /* confdefs.h */
| #define PACKAGE_NAME "masa-core"
| #define PACKAGE_TARNAME "masa-core"
| #define PACKAGE_VERSION "1.4.2.1028"
| #define PACKAGE_STRING "masa-core 1.4.2.1028"
| #define PACKAGE_BUGREPORT "edans.sandes@gmail.com"
| #define PACKAGE_URL "https://github.com/edanssandes/masa-core"
| #define PACKAGE "masa-core"
| #define VERSION "1.4.2.1028"
| /* end confdefs.h.  */
| #include <ac_nonexistent.h>
configure:4500: result: gcc -E
configure:4520: gcc -E  conftest.c
configure:4520: $? = 0
configure:4534: gcc -E  conftest.c
conftest.c:11:10: fatal error: ac_nonexistent.h: No such file or directory
   11 | #include <ac_nonexistent.h>
      |          ^~~~~~~~~~~~~~~~~~
compilation terminated.
configure:4534: $? = 1
configure: failed program was:
| /* confdefs.h */
| #define PACKAGE_NAME "masa-core"
| #define PACKAGE_TARNAME "masa-core"
| #define PACKAGE_VERSION "1.4.2.1028"
| #define PACKAGE_STRING "masa-core 1.4.2.1028"
| #define PACKAGE_BUGREPORT "edans.sandes@gmail.com"
| #define PACKAGE_URL "https://github.com/edanssandes/masa-core"
| #define PACKAGE "masa-core"
| #define VERSION "1.4.2.1028"
| /* end confdefs.h.  */
| #include <ac_nonexistent.h>
configure:4562: checking whether make sets $(MAKE)
configure:4584: result: yes
configure:4600: checking for grep that handles long lines and -e
configure:4658: result: /usr/bin/grep
configure:4663: checking for egrep
configure:4725: result: /usr/bin/grep -E
configure:4730: checking for ANSI C header files
configure:4750: gcc -c -g -O2  conftest.c >&5
configure:4750: $? = 0
configure:4823: gcc -o conftest -g -O2   conftest.c  >&5
configure:4823: $? = 0
configure:4823: ./conftest
configure:4823: $? = 0
configure:4834: result: yes
configure:4847: checking for sys/types.h
configure:4847: gcc -c -g -O2  conftest.c >&5
configure:4847: $? = 0
configure:4847: result: yes
configure:4847: checking for sys/stat.h
configure:4847: gcc -c -g -O2  conftest.c >&5
configure:4847: $? = 0
configure:4847: result: yes
configure:4847: checking for stdlib.h
configure:4847: gcc -c -g -O2  conftest.c >&5
configure:4847: $? = 0
configure:4847: result: yes
configure:4847: checking for string.h
configure:4847: gcc -c -g -O2  conftest.c >&5
configure:4847: $? = 0
configure:4847: result: yes
configure:4847: checking for memory.h
configure:4847: gcc -c -g -O2  conftest.c >&5
configure:4847: $? = 0
configure:4847: result: yes
configure:4847: checking for strings.h
configure:4847: gcc -c -g -O2  conftest.c >&5
configure:4847: $? = 0
configure:4847: result: yes
configure:4847: checking for inttypes.h
configure:4847: gcc -c -g -O2  conftest.c >&5
configure:4847: $? = 0
configure:4847: result: yes
configure:4847: checking for stdint.h
configure:4847: gcc -c -g -O2  conftest.c >&5
configure:4847: $? = 0
configure:4847: result: yes
configure:4847: checking for unistd.h
configure:4847: gcc -c -g -O2  conftest.c >&5
configure:4847: $? = 0
configure:4847: result: yes
configure:4862: checking arpa/inet.h usability
configure:4862: gcc -c -g -O2  conftest.c >&5
configure:4862: $? = 0
configure:4862: result: yes
configure:4862: checking arpa/inet.h presence
configure:4862: gcc -E  conftest.c
configure:4862: $? = 0
configure:4862: result: yes
configure:4862: checking for arpa/inet.h
configure:4862: result: yes
configure:4862: checking for stdlib.h
configure:4862: result: yes
configure:4862: checking for string.h
configure:4862: result: yes
configure:4862: checking sys/socket.h usability
configure:4862: gcc -c -g -O2  conftest.c >&5
configure:4862: $? = 0
configure:4862: result: yes
configure:4862: checking sys/socket.h presence
configure:4862: gcc -E  conftest.c
configure:4862: $? = 0
configure:4862: result: yes
configure:4862: checking for sys/socket.h
configure:4862: result: yes
configure:4862: checking sys/time.h usability
configure:4862: gcc -c -g -O2  conftest.c >&5
configure:4862: $? = 0
configure:4862: result: yes
configure:4862: checking sys/time.h presence
configure:4862: gcc -E  conftest.c
configure:4862: $? = 0
configure:4862: result: yes
configure:4862: checking for sys/time.h
configure:4862: result: yes
configure:4862: checking for unistd.h
configure:4862: result: yes
configure:4862: checking getopt.h usability
configure:4862: gcc -c -g -O2  conftest.c >&5
configure:4862: $? = 0
configure:4862: result: yes
configure:4862: checking getopt.h presence
configure:4862: gcc -E  conftest.c
configure:4862: $? = 0
configure:4862: result: yes
configure:4862: checking for getopt.h
configure:4862: result: yes
configure:4862: checking errno.h usability
configure:4862: gcc -c -g -O2  conftest.c >&5
configure:4862: $? = 0
configure:4862: result: yes
configure:4862: checking errno.h presence
configure:4862: gcc -E  conftest.c
configure:4862: $? = 0
configure:4862: result: yes
configure:4862: checking for errno.h
configure:4862: result: yes
configure:4862: checking wordexp.h usability
configure:4862: gcc -c -g -O2  conftest.c >&5
configure:4862: $? = 0
configure:4862: result: yes
configure:4862: checking wordexp.h presence
configure:4862: gcc -E  conftest.c
configure:4862: $? = 0
configure:4862: result: yes
configure:4862: checking for wordexp.h
configure:4862: result: yes
configure:4879: checking for stdbool.h that conforms to C99
configure:4946: gcc -c -g -O2  conftest.c >&5
configure:4946: $? = 0
configure:4953: result: yes
configure:4955: checking for _Bool
configure:4955: gcc -c -g -O2  conftest.c >&5
configure:4955: $? = 0
configure:4955: gcc -c -g -O2  conftest.c >&5
conftest.c: In function 'main':
conftest.c:66:20: error: expected expression before ')' token
   66 | if (sizeof ((_Bool)))
      |                    ^
configure:4955: $? = 1
configure: failed program was:
| /* confdefs.h */
| #define PACKAGE_NAME "masa-core"
| #define PACKAGE_TARNAME "masa-core"
| #define PACKAGE_VERSION "1.4.2.1028"
| #define PACKAGE_STRING "masa-core 1.4.2.1028"
| #define PACKAGE_BUGREPORT "edans.sandes@gmail.com"
| #define PACKAGE_URL "https://github.com/edanssandes/masa-core"
| #define PACKAGE "masa-core"
| #define VERSION "1.4.2.1028"
| #define STDC_HEADERS 1
| #define HAVE_SYS_TYPES_H 1
| #define HAVE_SYS_STAT_H 1
| #define HAVE_STDLIB_H 1
| #define HAVE_STRING_H 1
| #define HAVE_MEMORY_H 1
| #define HAVE_STRINGS_H 1
| #define HAVE_INTTYPES_H 1
| #define HAVE_STDINT_H 1
| #define HAVE_UNISTD_H 1
| #define HAVE_ARPA_INET_H 1
| #define HAVE_STDLIB_H 1
| #define HAVE_STRING_H 1
| #define HAVE_SYS_SOCKET_H 1
| #define HAVE_SYS_TIME_H 1
| #define HAVE_UNISTD_H 1
| #define HAVE_GETOPT_H 1
| #define HAVE_ERRNO_H 1
| #define HAVE_WORDEXP_H 1
| /* end confdefs.h.  */
| #include <stdio.h>
| #ifdef HAVE_SYS_TYPES_H
| # include <sys/types.h>
| #endif
| #ifdef HAVE_SYS_STAT_H
| # include <sys/stat.h>
| #endif
| #ifdef STDC_HEADERS
| # include <stdlib.h>
| # include <stddef.h>
| #else
| # ifdef HAVE_STDLIB_H
| #  include <stdlib.h>
| # endif
| #endif
| #ifdef HAVE_STRING_H
| # if !defined STDC_HEADERS && defined HAVE_MEMORY_H
| #  include <memory.h>
| # endif
| # include <string.h>
| #endif
| #ifdef HAVE_STRINGS_H
| # include <strings.h>
| #endif
| #ifdef HAVE_INTTYPES_H
| # include <inttypes.h>
| #endif
| #ifdef HAVE_STDINT_H
| # include <stdint.h>
| #endif
| #ifdef HAVE_UNISTD_H
| # include <unistd.h>
| #endif
| int
| main ()
| {
| if (sizeof ((_Bool)))
| 	    return 0;
|   ;
|   return 0;
| }
configure:4955: result: yes
configure:4972: checking for inline
configure:4988: gcc -c -g -O2  conftest.c >&5
configure:4988: $? = 0
configure:4996: result: inline
configure:5014: checking for size_t
configure:5014: gcc -c -g -O2  conftest.c >&5
configure:5014: $? = 0
configure:5014: gcc -c -g -O2  conftest.c >&5
conftest.c: In function 'main':
conftest.c:68:21: error: expected expression before ')' token
   68 | if (sizeof ((size_t)))
      |                     ^
configure:5014: $? = 1
configure: failed program was:
| /* confdefs.h */
| #define PACKAGE_NAME "masa-core"
| #define PACKAGE_TARNAME "masa-core"
| #define PACKAGE_VERSION "1.4.2.1028"
| #define PACKAGE_STRING "masa-core 1.4.2.1028"
| #define PACKAGE_BUGREPORT "edans.sandes@gmail.com"
| #define PACKAGE_URL "https://github.com/edanssandes/masa-core"
| #define PACKAGE "masa-core"
| #define VERSION "1.4.2.1028"
| #define STDC_HEADERS 1
| #define HAVE_SYS_TYPES_H 1
| #define HAVE_SYS_STAT_H 1
| #define HAVE_STDLIB_H 1
| #define HAVE_STRING_H 1
| #define HAVE_MEMORY_H 1
| #define HAVE_STRINGS_H 1
| #define HAVE_INTTYPES_H 1
| #define HAVE_STDINT_H 1
| #define HAVE_UNISTD_H 1
| #define HAVE_ARPA_INET_H 1
| #define HAVE_STDLIB_H 1
| #define HAVE_STRING_H 1
| #define HAVE_SYS_SOCKET_H 1
| #define HAVE_SYS_TIME_H 1
| #define HAVE_UNISTD_H 1
| #define HAVE_GETOPT_H 1
| #define HAVE_ERRNO_H 1
| #define HAVE_WORDEXP_H 1
| #define HAVE__BOOL 1
| #define HAVE_STDBOOL_H 1
| /* end confdefs.h.  */
| #include <stdio.h>
| #ifdef HAVE_SYS_TYPES_H
| # include <sys/types.h>
| #endif
| #ifdef HAVE_SYS_STAT_H
| # include <sys/stat.h>
| #endif
| #ifdef STDC_HEADERS
| # include <stdlib.h>
| # include <stddef.h>
| #else
| # ifdef HAVE_STDLIB_H
| #  include <stdlib.h>
| # endif
| #endif
| #ifdef HAVE_STRING_H
| # if !defined STDC_HEADERS && defined HAVE_MEMORY_H
| #  include <memory.h>
| # endif
| # include <string.h>
| #endif
| #ifdef HAVE_STRINGS_H
| # include <strings.h>
| #endif
| #ifdef HAVE_INTTYPES_H
| # include <inttypes.h>
| #endif
| #ifdef HAVE_STDINT_H
| # include <stdint.h>
| #endif
| #ifdef HAVE_UNISTD_H
| # include <unistd.h>
| #endif
| int
| main ()
| {
| if (sizeof ((size_t)))
| 	    return 0;
|   ;
|   return 0;
| }
configure:5014: result: yes
configure:5030: checking for pid_t
configure:5030: gcc -c -g -O2  conftest.c >&5
configure:5030: $? = 0
configure:5030: gcc -c -g -O2  conftest.c >&5
conftest.c: In function 'main':
conftest.c:68:20: error: expected expression before ')' token
   68 | if (sizeof ((pid_t)))
      |                    ^
configure:5030: $? = 1
configure: failed program was:
| /* confdefs.h */
| #define PACKAGE_NAME "masa-core"
| #define PACKAGE_TARNAME "masa-core"
| #define PACKAGE_VERSION "1.4.2.1028"
| #define PACKAGE_STRING "masa-core 1.4.2.1028"
| #define PACKAGE_BUGREPORT "edans.sandes@gmail.com"
| #define PACKAGE_URL "https://github.com/edanssandes/masa-core"
| #define PACKAGE "masa-core"
| #define VERSION "1.4.2.1028"
| #define STDC_HEADERS 1
| #define HAVE_SYS_TYPES_H 1
| #define HAVE_SYS_STAT_H 1
| #define HAVE_STDLIB_H 1
| #define HAVE_STRING_H 1
| #define HAVE_MEMORY_H 1
| #define HAVE_STRINGS_H 1
| #define HAVE_INTTYPES_H 1
| #define HAVE_STDINT_H 1
| #define HAVE_UNISTD_H 1
| #define HAVE_ARPA_INET_H 1
| #define HAVE_STDLIB_H 1
| #define HAVE_STRING_H 1
| #define HAVE_SYS_SOCKET_H 1
| #define HAVE_SYS_TIME_H 1
| #define HAVE_UNISTD_H 1
| #define HAVE_GETOPT_H 1
| #define HAVE_ERRNO_H 1
| #define HAVE_WORDEXP_H 1
| #define HAVE__BOOL 1
| #define HAVE_STDBOOL_H 1
| /* end confdefs.h.  */
| #include <stdio.h>
| #ifdef HAVE_SYS_TYPES_H
| # include <sys/types.h>
| #endif
| #ifdef HAVE_SYS_STAT_H
| # include <sys/stat.h>
| #endif
| #ifdef STDC_HEADERS
| # include <stdlib.h>
| # include <stddef.h>
| #else
| # ifdef HAVE_STDLIB_H
| #  include <stdlib.h>
| # endif
| #endif
| #ifdef HAVE_STRING_H
| # if !defined STDC_HEADERS && defined HAVE_MEMORY_H
| #  include <memory.h>
| # endif
| # include <string.h>
| #endif
| #ifdef HAVE_STRINGS_H
| # include <strings.h>
| #endif
| #ifdef HAVE_INTTYPES_H
| # include <inttypes.h>
| #endif
| #ifdef HAVE_STDINT_H
| # include <stdint.h>
| #endif
| #ifdef HAVE_UNISTD_H
| # include <unistd.h>
| #endif
| int
| main ()
| {
| if (sizeof ((pid_t)))
| 	    return 0;
|   ;
|   return 0;
| }
configure:5030: result: yes
configure:5043: checking vfork.h usability
configure:5043: gcc -c -g -O2  conftest.c >&5
conftest.c:65:10: fatal error: vfork.h: No such file or directory
   65 | #include <vfork.h>
      |          ^~~~~~~~~
compilation terminated.
configure:5043: $? = 1
configure: failed program was:
| /* confdefs.h */
| #define PACKAGE_NAME "masa-core"
| #define PACKAGE_TARNAME "masa-core"
| #define PACKAGE_VERSION "1.4.2.1028"
| #define PACKAGE_STRING "masa-core 1.4.2.1028"
| #define PACKAGE_BUGREPORT "edans.sandes@gmail.com"
| #define PACKAGE_URL "https://github.com/edanssandes/masa-core"
| #define PACKAGE "masa-core"
| #define VERSION "1.4.2.1028"
| #define STDC_HEADERS 1
| #define HAVE_SYS_TYPES_H 1
| #define HAVE_SYS_STAT_H 1
| #define HAVE_STDLIB_H 1
| #define HAVE_STRING_H 1
| #define HAVE_MEMORY_H 1
| #define HAVE_STRINGS_H 1
| #define HAVE_INTTYPES_H 1
| #define HAVE_STDINT_H 1
| #define HAVE_UNISTD_H 1
| #define HAVE_ARPA_INET_H 1
| #define HAVE_STDLIB_H 1
| #define HAVE_STRING_H 1
| #define HAVE_SYS_SOCKET_H 1
| #define HAVE_SYS_TIME_H 1
| #define HAVE_UNISTD_H 1
| #define HAVE_GETOPT_H 1
| #define HAVE_ERRNO_H 1
| #define HAVE_WORDEXP_H 1
| #define HAVE__BOOL 1
| #define HAVE_STDBOOL_H 1
| /* end confdefs.h.  */
| #include <stdio.h>
| #ifdef HAVE_SYS_TYPES_H
| # include <sys/types.h>
| #endif
| #ifdef HAVE_SYS_STAT_H
| # include <sys/stat.h>
| #endif
| #ifdef STDC_HEADERS
| # include <stdlib.h>
| # include <stddef.h>
| #else
| # ifdef HAVE_STDLIB_H
| #  include <stdlib.h>
| # endif
| #endif
| #ifdef HAVE_STRING_H
| # if !defined STDC_HEADERS && defined HAVE_MEMORY_H
| #  include <memory.h>
| # endif
| # include <string.h>
| #endif
| #ifdef HAVE_STRINGS_H
| # include <strings.h>
| #endif
| #ifdef HAVE_INTTYPES_H
| # include <inttypes.h>
| #endif
| #ifdef HAVE_STDINT_H
| # include <stdint.h>
| #endif
| #ifdef HAVE_UNISTD_H
| # include <unistd.h>
| #endif
| #include <vfork.h>
configure:5043: result: no
configure:5043: checking vfork.h presence
configure:5043: gcc -E  conftest.c
conftest.c:32:10: fatal error: vfork.h: No such file or directory
   32 | #include <vfork.h>
      |          ^~~~~~~~~
compilation terminated.
configure:5043: $? = 1
configure: failed program was:
| /* confdefs.h */
| #define PACKAGE_NAME "masa-core"
| #define PACKAGE_TARNAME "masa-core"
| #define PACKAGE_VERSION "1.4.2.1028"
| #define PACKAGE_STRING "masa-core 1.4.2.1028"
| #define PACKAGE_BUGREPORT "edans.sandes@gmail.com"
| #define PACKAGE_URL "https://github.com/edanssandes/masa-core"
| #define PACKAGE "masa-core"
| #define VERSION "1.4.2.1028"
| #define STDC_HEADERS 1
| #define HAVE_SYS_TYPES_H 1
| #define HAVE_SYS_STAT_H 1
| #define HAVE_STDLIB_H 1
| #define HAVE_STRING_H 1
| #define HAVE_MEMORY_H 1
| #define HAVE_STRINGS_H 1
| #define HAVE_INTTYPES_H 1
| #define HAVE_STDINT_H 1
| #define HAVE_UNISTD_H 1
| #define HAVE_ARPA_INET_H 1
| #define HAVE_STDLIB_H 1
| #define HAVE_STRING_H 1
| #define HAVE_SYS_SOCKET_H 1
| #define HAVE_SYS_TIME_H 1
| #define HAVE_UNISTD_H 1
| #define HAVE_GETOPT_H 1
| #define HAVE_ERRNO_H 1
| #define HAVE_WORDEXP_H 1
| #define HAVE__BOOL 1
| #define HAVE_STDBOOL_H 1
| /* end confdefs.h.  */
| #include <vfork.h>
configure:5043: result: no
configure:5043: checking for vfork.h
configure:5043: result: no
configure:5056: checking for fork
configure:5056: gcc -o conftest -g -O2   conftest.c  >&5
conftest.c:55:6: warning: conflicting types for built-in function 'fork'; expected 'int(void)' [-Wbuiltin-declaration-mismatch]
   55 | char fork ();
      |      ^~~~
configure:5056: $? = 0
configure:5056: result: yes
configure:5056: checking for vfork
configure:5056: gcc -o conftest -g -O2   conftest.c  >&5
configure:5056: $? = 0
configure:5056: result: yes
configure:5066: checking for working fork
configure:5088: gcc -o conftest -g -O2   conftest.c  >&5
configure:5088: $? = 0
configure:5088: ./conftest
configure:5088: $? = 0
configure:5098: result: yes
configure:5119: checking for working vfork
configure:5229: result: yes
configure:5256: checking for stdlib.h
configure:5256: result: yes
configure:5266: checking for GNU libc compatible malloc
configure:5290: gcc -o conftest -g -O2   conftest.c  >&5
configure:5290: $? = 0
configure:5290: ./conftest
configure:5290: $? = 0
configure:5300: result: yes
configure:5324: checking for gettimeofday
configure:5324: gcc -o conftest -g -O2   conftest.c  >&5
configure:5324: $? = 0
configure:5324: result: yes
configure:5324: checking for inet_ntoa
configure:5324: gcc -o conftest -g -O2   conftest.c  >&5
configure:5324: $? = 0
configure:5324: result: yes
configure:5324: checking for memset
configure:5324: gcc -o conftest -g -O2   conftest.c  >&5
conftest.c:63:6: warning: conflicting types for built-in function 'memset'; expected 'void *(void *, int,  long unsigned int)' [-Wbuiltin-declaration-mismatch]
   63 | char memset ();
      |      ^~~~~~
conftest.c:51:1: note: 'memset' is declared in header '<string.h>'
   50 | # include <limits.h>
   51 | #else
configure:5324: $? = 0
configure:5324: result: yes
configure:5324: checking for mkdir
configure:5324: gcc -o conftest -g -O2   conftest.c  >&5
configure:5324: $? = 0
configure:5324: result: yes
configure:5324: checking for socket
configure:5324: gcc -o conftest -g -O2   conftest.c  >&5
configure:5324: $? = 0
configure:5324: result: yes
configure:5324: checking for strcasecmp
configure:5324: gcc -o conftest -g -O2   conftest.c  >&5
conftest.c:66:6: warning: conflicting types for built-in function 'strcasecmp'; expected 'int(const char *, const char *)' [-Wbuiltin-declaration-mismatch]
   66 | char strcasecmp ();
      |      ^~~~~~~~~~
configure:5324: $? = 0
configure:5324: result: yes
configure:5356: Enabling 64bit compilation
configure:5369: checking whether C compiler accepts -malign-double
configure:5388: gcc -c -g -O2  -malign-double  conftest.c >&5
configure:5388: $? = 0
configure:5396: result: yes
configure:5405: checking whether C compiler accepts -fno-strict-aliasing
configure:5424: gcc -c -g -O2  -fno-strict-aliasing  conftest.c >&5
configure:5424: $? = 0
configure:5432: result: yes
configure:5550: checking that generated files are newer than configure
configure:5556: result: done
configure:5583: creating ./config.status

## ---------------------- ##
## Running config.status. ##
## ---------------------- ##

This file was extended by masa-core config.status 1.4.2.1028, which was
generated by GNU Autoconf 2.69.  Invocation command line was

  CONFIG_FILES    = 
  CONFIG_HEADERS  = 
  CONFIG_LINKS    = 
  CONFIG_COMMANDS = 
  $ ./config.status 

on cuda08

config.status:881: creating Makefile
config.status:881: creating src/config.h
config.status:1062: src/config.h is unchanged
config.status:1110: executing depfiles commands
config.status:1187: cd .       && sed -e '/# am--include-marker/d' Makefile         | make -f - am--depfiles
make: Nothing to be done for 'am--depfiles'.
config.status:1192: $? = 0

## ---------------- ##
## Cache variables. ##
## ---------------- ##

ac_cv_c_compiler_gnu=yes
ac_cv_c_inline=inline
ac_cv_cxx_compiler_gnu=yes
ac_cv_env_CCC_set=
ac_cv_env_CCC_value=
ac_cv_env_CC_set=
ac_cv_env_CC_value=
ac_cv_env_CFLAGS_set=
ac_cv_env_CFLAGS_value=
ac_cv_env_CPPFLAGS_set=
ac_cv_env_CPPFLAGS_value=
ac_cv_env_CPP_set=
ac_cv_env_CPP_value=
ac_cv_env_CXXFLAGS_set=
ac_cv_env_CXXFLAGS_value=
ac_cv_env_CXX_set=
ac_cv_env_CXX_value=
ac_cv_env_LDFLAGS_set=
ac_cv_env_LDFLAGS_value=
ac_cv_env_LIBS_set=
ac_cv_env_LIBS_value=
ac_cv_env_build_alias_set=
ac_cv_env_build_alias_value=
ac_cv_env_host_alias_set=
ac_cv_env_host_alias_value=
ac_cv_env_target_alias_set=
ac_cv_env_target_alias_value=
ac_cv_func_fork=yes
ac_cv_func_fork_works=yes
ac_cv_func_gettimeofday=yes
ac_cv_func_inet_ntoa=yes
ac_cv_func_malloc_0_nonnull=yes
ac_cv_func_memset=yes
ac_cv_func_mkdir=yes
ac_cv_func_socket=yes
ac_cv_func_strcasecmp=yes
ac_cv_func_vfork=yes
ac_cv_func_vfork_works=yes
ac_cv_header_arpa_inet_h=yes
ac_cv_header_errno_h=yes
ac_cv_header_getopt_h=yes
ac_cv_header_inttypes_h=yes
ac_cv_header_memory_h=yes
ac_cv_header_stdbool_h=yes
ac_cv_header_stdc=yes
ac_cv_header_stdint_h=yes
ac_cv_header_stdlib_h=yes
ac_cv_header_string_h=yes
ac_cv_header_strings_h=yes
ac_cv_header_sys_socket_h=yes
ac_cv_header_sys_stat_h=yes
ac_cv_header_sys_time_h=yes
ac_cv_header_sys_types_h=yes
ac_cv_header_unistd_h=yes
ac_cv_header_vfork_h=no
ac_cv_header_wordexp_h=yes
ac_cv_objext=o
ac_cv_path_EGREP='/usr/bin/grep -E'
ac_cv_path_GREP=/usr/bin/grep
ac_cv_path_install='/usr/bin/install -c'
ac_cv_path_mkdir=/usr/bin/mkdir
ac_cv_prog_AWK=mawk
ac_cv_prog_CPP='gcc -E'
ac_cv_prog_ac_ct_CC=gcc
ac_cv_prog_ac_ct_CXX=g++
ac_cv_prog_ac_ct_RANLIB=ranlib
ac_cv_prog_cc_c89=
ac_cv_prog_cc_g=yes
ac_cv_prog_cxx_g=yes
ac_cv_prog_make_make_set=yes
ac_cv_type__Bool=yes
ac_cv_type_pid_t=yes
ac_cv_type_size_t=yes
am_cv_CC_dependencies_compiler_type=gcc3
am_cv_CXX_dependencies_compiler_type=gcc3
am_cv_make_support_nested_variables=yes
am_cv_prog_cc_c_o=yes
ax_cv_check_cflags___fno_strict_aliasing=yes
ax_cv_check_cflags___malign_double=yes

## ----------------- ##
## Output variables. ##
## ----------------- ##

ACLOCAL='${SHELL} /home/matheus_pinho/Documentos/masa-cudalign-newmodule/masa-cudalign/libs/masa-core/admin/missing aclocal-1.16'
AMDEPBACKSLASH='\'
AMDEP_FALSE='#'
AMDEP_TRUE=''
AMTAR='$${TAR-tar}'
AM_BACKSLASH='\'
AM_DEFAULT_V='$(AM_DEFAULT_VERBOSITY)'
AM_DEFAULT_VERBOSITY='1'
AM_V='$(V)'
AUTOCONF='${SHELL} /home/matheus_pinho/Documentos/masa-cudalign-newmodule/masa-cudalign/libs/masa-core/admin/missing autoconf'
AUTOHEADER='${SHELL} /home/matheus_pinho/Documentos/masa-cudalign-newmodule/masa-cudalign/libs/masa-core/admin/missing autoheader'
AUTOMAKE='${SHELL} /home/matheus_pinho/Documentos/masa-cudalign-newmodule/masa-cudalign/libs/masa-core/admin/missing automake-1.16'
AWK='mawk'
CC='gcc'
CCDEPMODE='depmode=gcc3'
CFLAGS='-g -O2'
COMMONFLAGS='-DUNIX  -malign-double -fno-strict-aliasing -m64 -O3'
CPP='gcc -E'
CPPFLAGS=''
CXX='g++'
CXXDEPMODE='depmode=gcc3'
CXXFLAGS=''
CYGPATH_W='echo'
DEFS='-DHAVE_CONFIG_H'
DEPDIR='.deps'
ECHO_C=''
ECHO_N='-n'
ECHO_T=''
EGREP='/usr/bin/grep -E'
EXEEXT=''
GREP='/usr/bin/grep'
INSTALL_DATA='${INSTALL} -m 644'
INSTALL_PROGRAM='${INSTALL}'
INSTALL_SCRIPT='${INSTALL}'
INSTALL_STRIP_PROGRAM='$(install_sh) -c -s'
LDFLAGS=''
LIBOBJS=''
LIBS=''
LTLIBOBJS=''
MAKEINFO='${SHELL} /home/matheus_pinho/Documentos/masa-cudalign-newmodule/masa-cudalign/libs/masa-core/admin/missing makeinfo'
MKDIR_P='/usr/bin/mkdir -p'
OBJEXT='o'
PACKAGE='masa-core'
PACKAGE_BUGREPORT='edans.sandes@gmail.com'
PACKAGE_NAME='masa-core'
PACKAGE_STRING='masa-core 1.4.2.1028'
PACKAGE_TARNAME='masa-core'
PACKAGE_URL='https://github.com/edanssandes/masa-core'
PACKAGE_VERSION='1.4.2.1028'
PATH_SEPARATOR=':'
RANLIB='ranlib'
SET_MAKE=''
SHELL='/bin/bash'
STRIP=''
VERSION='1.4.2.1028'
ac_ct_CC='gcc'
ac_ct_CXX='g++'
am__EXEEXT_FALSE=''
am__EXEEXT_TRUE='#'
am__fastdepCC_FALSE='#'
am__fastdepCC_TRUE=''
am__fastdepCXX_FALSE='#'
am__fastdepCXX_TRUE=''
am__include='include'
am__isrc=''
am__leading_dot='.'
am__nodep='_no'
am__quote=''
am__tar='$${TAR-tar} chof - "$$tardir"'
am__untar='$${TAR-tar} xf -'
bindir='${exec_prefix}/bin'
build_alias=''
datadir='${datarootdir}'
datarootdir='${prefix}/share'
docdir='${datarootdir}/doc/${PACKAGE_TARNAME}'
dvidir='${docdir}'
exec_prefix='${prefix}'
host_alias=''
htmldir='${docdir}'
includedir='${prefix}/include'
infodir='${datarootdir}/info'
install_sh='${SHELL} /home/matheus_pinho/Documentos/masa-cudalign-newmodule/masa-cudalign/libs/masa-core/admin/install-sh'
libdir='${exec_prefix}/lib'
libexecdir='${exec_prefix}/libexec'
localedir='${datarootdir}/locale'
localstatedir='${prefix}/var'
mandir='${datarootdir}/man'
mkdir_p='$(MKDIR_P)'
oldincludedir='/usr/include'
pdfdir='${docdir}'
prefix='/usr/local'
program_transform_name='s,x,x,'
psdir='${docdir}'
runstatedir='${localstatedir}/run'
sbindir='${exec_prefix}/sbin'
sharedstatedir='${prefix}/com'
sysconfdir='${prefix}/etc'
target_alias=''

## ----------- ##
## confdefs.h. ##
## ----------- ##

/* confdefs.h */
#define PACKAGE_NAME "masa-core"
#define PACKAGE_TARNAME "masa-core"
#define PACKAGE_VERSION "1.4.2.1028"
#define PACKAGE_STRING "masa-core 1.4.2.1028"
#define PACKAGE_BUGREPORT "edans.sandes@gmail.com"
#define PACKAGE_URL "https://github.com/edanssandes/masa-core"
#define PACKAGE "masa-core"
#define VERSION "1.4.2.1028"
#define STDC_HEADERS 1
#define HAVE_SYS_TYPES_H 1
#define HAVE_SYS_STAT_H 1
#define HAVE_STDLIB_H 1
#define HAVE_STRING_H 1
#define HAVE_MEMORY_H 1
#define HAVE_STRINGS_H 1
#define HAVE_INTTYPES_H 1
#define HAVE_STDINT_H 1
#define HAVE_UNISTD_H 1
#define HAVE_ARPA_INET_H 1
#define HAVE_STDLIB_H 1
#define HAVE_STRING_H 1
#define HAVE_SYS_SOCKET_H 1
#define HAVE_SYS_TIME_H 1
#define HAVE_UNISTD_H 1
#define HAVE_GETOPT_H 1
#define HAVE_ERRNO_H 1
#define HAVE_WORDEXP_H 1
#define HAVE__BOOL 1
#define HAVE_STDBOOL_H 1
#define HAVE_FORK 1
#define HAVE_VFORK 1
#define HAVE_WORKING_VFORK 1
#define HAVE_WORKING_FORK 1
#define HAVE_STDLIB_H 1
#define HAVE_MALLOC 1
#define HAVE_GETTIMEOFDAY 1
#define HAVE_INET_NTOA 1
#define HAVE_MEMSET 1
#define HAVE_MKDIR 1
#define HAVE_SOCKET 1
#define HAVE_STRCASECMP 1

configure: exit 0
